{"/workspace/project/OCS-Express.js/backend/src/server.js": {"path":"/workspace/project/OCS-Express.js/backend/src/server.js","statementMap":{"0":{"start":{"line":1,"column":16},"end":{"line":1,"column":34}},"1":{"start":{"line":2,"column":13},"end":{"line":2,"column":28}},"2":{"start":{"line":3,"column":19},"end":{"line":3,"column":41}},"3":{"start":{"line":4,"column":25},"end":{"line":4,"column":61}},"4":{"start":{"line":7,"column":12},"end":{"line":7,"column":21}},"5":{"start":{"line":10,"column":0},"end":{"line":14,"column":4}},"6":{"start":{"line":15,"column":0},"end":{"line":15,"column":27}},"7":{"start":{"line":18,"column":0},"end":{"line":18,"column":45}},"8":{"start":{"line":21,"column":0},"end":{"line":23,"column":3}},"9":{"start":{"line":22,"column":2},"end":{"line":22,"column":41}},"10":{"start":{"line":26,"column":0},"end":{"line":32,"column":3}},"11":{"start":{"line":27,"column":2},"end":{"line":27,"column":27}},"12":{"start":{"line":28,"column":2},"end":{"line":31,"column":5}},"13":{"start":{"line":34,"column":0},"end":{"line":34,"column":21}}},"fnMap":{"0":{"name":"(anonymous_0)","decl":{"start":{"line":21,"column":19},"end":{"line":21,"column":20}},"loc":{"start":{"line":21,"column":33},"end":{"line":23,"column":1}},"line":21},"1":{"name":"(anonymous_1)","decl":{"start":{"line":26,"column":8},"end":{"line":26,"column":9}},"loc":{"start":{"line":26,"column":33},"end":{"line":32,"column":1}},"line":26}},"branchMap":{},"s":{"0":1,"1":1,"2":1,"3":1,"4":1,"5":1,"6":1,"7":1,"8":1,"9":1,"10":1,"11":0,"12":0,"13":1},"f":{"0":1,"1":0},"b":{},"_coverageSchema":"1a1c01bbd47fc00a2c39e90264f33305004495a9","hash":"30fb577be92432f37fb0ff700d5167807f6cc0d9"}
,"/workspace/project/OCS-Express.js/backend/src/controllers/SimulationController.js": {"path":"/workspace/project/OCS-Express.js/backend/src/controllers/SimulationController.js","statementMap":{"0":{"start":{"line":1,"column":26},"end":{"line":1,"column":66}},"1":{"start":{"line":13,"column":4},"end":{"line":19,"column":5}},"2":{"start":{"line":14,"column":20},"end":{"line":14,"column":28}},"3":{"start":{"line":15,"column":21},"end":{"line":15,"column":59}},"4":{"start":{"line":16,"column":6},"end":{"line":16,"column":35}},"5":{"start":{"line":18,"column":6},"end":{"line":18,"column":53}},"6":{"start":{"line":23,"column":0},"end":{"line":23,"column":44}}},"fnMap":{"0":{"name":"(anonymous_0)","decl":{"start":{"line":12,"column":2},"end":{"line":12,"column":3}},"loc":{"start":{"line":12,"column":26},"end":{"line":20,"column":3}},"line":12}},"branchMap":{},"s":{"0":1,"1":2,"2":2,"3":2,"4":1,"5":1,"6":1},"f":{"0":2},"b":{},"_coverageSchema":"1a1c01bbd47fc00a2c39e90264f33305004495a9","hash":"1dafd4fa4a6e076f013c187dd5a0f31d56474f74"}
,"/workspace/project/OCS-Express.js/backend/src/models/Robot.js": {"path":"/workspace/project/OCS-Express.js/backend/src/models/Robot.js","statementMap":{"0":{"start":{"line":12,"column":4},"end":{"line":12,"column":27}},"1":{"start":{"line":13,"column":4},"end":{"line":13,"column":27}},"2":{"start":{"line":14,"column":4},"end":{"line":18,"column":6}},"3":{"start":{"line":19,"column":4},"end":{"line":19,"column":69}},"4":{"start":{"line":20,"column":4},"end":{"line":20,"column":31}},"5":{"start":{"line":21,"column":4},"end":{"line":29,"column":6}},"6":{"start":{"line":30,"column":4},"end":{"line":30,"column":36}},"7":{"start":{"line":39,"column":4},"end":{"line":42,"column":5}},"8":{"start":{"line":40,"column":22},"end":{"line":40,"column":50}},"9":{"start":{"line":41,"column":6},"end":{"line":41,"column":26}},"10":{"start":{"line":41,"column":20},"end":{"line":41,"column":26}},"11":{"start":{"line":44,"column":4},"end":{"line":44,"column":28}},"12":{"start":{"line":53,"column":26},"end":{"line":53,"column":61}},"13":{"start":{"line":56,"column":4},"end":{"line":62,"column":5}},"14":{"start":{"line":58,"column":6},"end":{"line":60,"column":7}},"15":{"start":{"line":59,"column":8},"end":{"line":59,"column":40}},"16":{"start":{"line":61,"column":6},"end":{"line":61,"column":19}},"17":{"start":{"line":65,"column":4},"end":{"line":80,"column":5}},"18":{"start":{"line":67,"column":8},"end":{"line":67,"column":34}},"19":{"start":{"line":69,"column":8},"end":{"line":69,"column":35}},"20":{"start":{"line":71,"column":8},"end":{"line":71,"column":31}},"21":{"start":{"line":73,"column":8},"end":{"line":73,"column":32}},"22":{"start":{"line":75,"column":8},"end":{"line":75,"column":33}},"23":{"start":{"line":77,"column":8},"end":{"line":77,"column":40}},"24":{"start":{"line":79,"column":8},"end":{"line":79,"column":55}},"25":{"start":{"line":89,"column":4},"end":{"line":102,"column":5}},"26":{"start":{"line":92,"column":8},"end":{"line":92,"column":17}},"27":{"start":{"line":95,"column":8},"end":{"line":95,"column":17}},"28":{"start":{"line":97,"column":8},"end":{"line":97,"column":17}},"29":{"start":{"line":99,"column":8},"end":{"line":99,"column":17}},"30":{"start":{"line":101,"column":8},"end":{"line":101,"column":55}},"31":{"start":{"line":110,"column":25},"end":{"line":110,"column":50}},"32":{"start":{"line":112,"column":4},"end":{"line":114,"column":5}},"33":{"start":{"line":113,"column":6},"end":{"line":113,"column":41}},"34":{"start":{"line":116,"column":4},"end":{"line":116,"column":22}},"35":{"start":{"line":117,"column":4},"end":{"line":117,"column":37}},"36":{"start":{"line":118,"column":4},"end":{"line":118,"column":37}},"37":{"start":{"line":119,"column":4},"end":{"line":119,"column":56}},"38":{"start":{"line":122,"column":4},"end":{"line":122,"column":36}},"39":{"start":{"line":124,"column":4},"end":{"line":124,"column":16}},"40":{"start":{"line":132,"column":25},"end":{"line":132,"column":50}},"41":{"start":{"line":134,"column":4},"end":{"line":136,"column":5}},"42":{"start":{"line":135,"column":6},"end":{"line":135,"column":41}},"43":{"start":{"line":138,"column":4},"end":{"line":138,"column":22}},"44":{"start":{"line":139,"column":4},"end":{"line":139,"column":37}},"45":{"start":{"line":140,"column":4},"end":{"line":140,"column":37}},"46":{"start":{"line":141,"column":4},"end":{"line":141,"column":56}},"47":{"start":{"line":144,"column":4},"end":{"line":144,"column":36}},"48":{"start":{"line":146,"column":4},"end":{"line":146,"column":16}},"49":{"start":{"line":154,"column":4},"end":{"line":154,"column":22}},"50":{"start":{"line":156,"column":4},"end":{"line":169,"column":5}},"51":{"start":{"line":158,"column":8},"end":{"line":158,"column":38}},"52":{"start":{"line":159,"column":8},"end":{"line":159,"column":14}},"53":{"start":{"line":161,"column":8},"end":{"line":161,"column":39}},"54":{"start":{"line":162,"column":8},"end":{"line":162,"column":14}},"55":{"start":{"line":164,"column":8},"end":{"line":164,"column":38}},"56":{"start":{"line":165,"column":8},"end":{"line":165,"column":14}},"57":{"start":{"line":167,"column":8},"end":{"line":167,"column":39}},"58":{"start":{"line":168,"column":8},"end":{"line":168,"column":14}},"59":{"start":{"line":171,"column":4},"end":{"line":171,"column":16}},"60":{"start":{"line":179,"column":4},"end":{"line":179,"column":22}},"61":{"start":{"line":181,"column":4},"end":{"line":194,"column":5}},"62":{"start":{"line":183,"column":8},"end":{"line":183,"column":38}},"63":{"start":{"line":184,"column":8},"end":{"line":184,"column":14}},"64":{"start":{"line":186,"column":8},"end":{"line":186,"column":39}},"65":{"start":{"line":187,"column":8},"end":{"line":187,"column":14}},"66":{"start":{"line":189,"column":8},"end":{"line":189,"column":38}},"67":{"start":{"line":190,"column":8},"end":{"line":190,"column":14}},"68":{"start":{"line":192,"column":8},"end":{"line":192,"column":39}},"69":{"start":{"line":193,"column":8},"end":{"line":193,"column":14}},"70":{"start":{"line":196,"column":4},"end":{"line":196,"column":16}},"71":{"start":{"line":204,"column":4},"end":{"line":204,"column":22}},"72":{"start":{"line":206,"column":24},"end":{"line":206,"column":77}},"73":{"start":{"line":207,"column":4},"end":{"line":209,"column":5}},"74":{"start":{"line":208,"column":6},"end":{"line":208,"column":46}},"75":{"start":{"line":211,"column":4},"end":{"line":211,"column":16}},"76":{"start":{"line":219,"column":4},"end":{"line":219,"column":22}},"77":{"start":{"line":220,"column":4},"end":{"line":220,"column":23}},"78":{"start":{"line":221,"column":4},"end":{"line":221,"column":16}},"79":{"start":{"line":229,"column":4},"end":{"line":232,"column":5}},"80":{"start":{"line":231,"column":6},"end":{"line":231,"column":19}},"81":{"start":{"line":234,"column":21},"end":{"line":234,"column":72}},"82":{"start":{"line":235,"column":4},"end":{"line":235,"column":34}},"83":{"start":{"line":238,"column":4},"end":{"line":241,"column":5}},"84":{"start":{"line":239,"column":22},"end":{"line":239,"column":50}},"85":{"start":{"line":240,"column":6},"end":{"line":240,"column":33}},"86":{"start":{"line":240,"column":20},"end":{"line":240,"column":33}},"87":{"start":{"line":243,"column":4},"end":{"line":243,"column":16}},"88":{"start":{"line":252,"column":25},"end":{"line":255,"column":5}},"89":{"start":{"line":257,"column":22},"end":{"line":257,"column":37}},"90":{"start":{"line":258,"column":22},"end":{"line":258,"column":40}},"91":{"start":{"line":260,"column":4},"end":{"line":273,"column":5}},"92":{"start":{"line":262,"column":8},"end":{"line":262,"column":36}},"93":{"start":{"line":263,"column":8},"end":{"line":263,"column":14}},"94":{"start":{"line":265,"column":8},"end":{"line":265,"column":36}},"95":{"start":{"line":266,"column":8},"end":{"line":266,"column":14}},"96":{"start":{"line":268,"column":8},"end":{"line":268,"column":36}},"97":{"start":{"line":269,"column":8},"end":{"line":269,"column":14}},"98":{"start":{"line":271,"column":8},"end":{"line":271,"column":36}},"99":{"start":{"line":272,"column":8},"end":{"line":272,"column":14}},"100":{"start":{"line":275,"column":4},"end":{"line":275,"column":24}},"101":{"start":{"line":286,"column":4},"end":{"line":288,"column":5}},"102":{"start":{"line":287,"column":6},"end":{"line":287,"column":18}},"103":{"start":{"line":291,"column":4},"end":{"line":291,"column":40}},"104":{"start":{"line":301,"column":4},"end":{"line":303,"column":5}},"105":{"start":{"line":302,"column":6},"end":{"line":302,"column":18}},"106":{"start":{"line":305,"column":4},"end":{"line":305,"column":30}},"107":{"start":{"line":314,"column":27},"end":{"line":314,"column":87}},"108":{"start":{"line":314,"column":58},"end":{"line":314,"column":86}},"109":{"start":{"line":315,"column":4},"end":{"line":317,"column":5}},"110":{"start":{"line":316,"column":6},"end":{"line":316,"column":45}},"111":{"start":{"line":325,"column":4},"end":{"line":336,"column":6}},"112":{"start":{"line":340,"column":0},"end":{"line":340,"column":23}}},"fnMap":{"0":{"name":"(anonymous_0)","decl":{"start":{"line":11,"column":2},"end":{"line":11,"column":3}},"loc":{"start":{"line":11,"column":49},"end":{"line":31,"column":3}},"line":11},"1":{"name":"(anonymous_1)","decl":{"start":{"line":38,"column":2},"end":{"line":38,"column":3}},"loc":{"start":{"line":38,"column":28},"end":{"line":45,"column":3}},"line":38},"2":{"name":"(anonymous_2)","decl":{"start":{"line":52,"column":2},"end":{"line":52,"column":3}},"loc":{"start":{"line":52,"column":26},"end":{"line":81,"column":3}},"line":52},"3":{"name":"(anonymous_3)","decl":{"start":{"line":88,"column":2},"end":{"line":88,"column":3}},"loc":{"start":{"line":88,"column":33},"end":{"line":103,"column":3}},"line":88},"4":{"name":"(anonymous_4)","decl":{"start":{"line":109,"column":2},"end":{"line":109,"column":3}},"loc":{"start":{"line":109,"column":16},"end":{"line":125,"column":3}},"line":109},"5":{"name":"(anonymous_5)","decl":{"start":{"line":131,"column":2},"end":{"line":131,"column":3}},"loc":{"start":{"line":131,"column":17},"end":{"line":147,"column":3}},"line":131},"6":{"name":"(anonymous_6)","decl":{"start":{"line":153,"column":2},"end":{"line":153,"column":3}},"loc":{"start":{"line":153,"column":13},"end":{"line":172,"column":3}},"line":153},"7":{"name":"(anonymous_7)","decl":{"start":{"line":178,"column":2},"end":{"line":178,"column":3}},"loc":{"start":{"line":178,"column":14},"end":{"line":197,"column":3}},"line":178},"8":{"name":"(anonymous_8)","decl":{"start":{"line":203,"column":2},"end":{"line":203,"column":3}},"loc":{"start":{"line":203,"column":15},"end":{"line":212,"column":3}},"line":203},"9":{"name":"(anonymous_9)","decl":{"start":{"line":218,"column":2},"end":{"line":218,"column":3}},"loc":{"start":{"line":218,"column":22},"end":{"line":222,"column":3}},"line":218},"10":{"name":"(anonymous_10)","decl":{"start":{"line":228,"column":2},"end":{"line":228,"column":3}},"loc":{"start":{"line":228,"column":25},"end":{"line":244,"column":3}},"line":228},"11":{"name":"(anonymous_11)","decl":{"start":{"line":251,"column":2},"end":{"line":251,"column":3}},"loc":{"start":{"line":251,"column":27},"end":{"line":276,"column":3}},"line":251},"12":{"name":"(anonymous_12)","decl":{"start":{"line":284,"column":2},"end":{"line":284,"column":3}},"loc":{"start":{"line":284,"column":19},"end":{"line":292,"column":3}},"line":284},"13":{"name":"(anonymous_13)","decl":{"start":{"line":300,"column":2},"end":{"line":300,"column":3}},"loc":{"start":{"line":300,"column":23},"end":{"line":306,"column":3}},"line":300},"14":{"name":"(anonymous_14)","decl":{"start":{"line":313,"column":2},"end":{"line":313,"column":3}},"loc":{"start":{"line":313,"column":23},"end":{"line":318,"column":3}},"line":313},"15":{"name":"(anonymous_15)","decl":{"start":{"line":314,"column":50},"end":{"line":314,"column":51}},"loc":{"start":{"line":314,"column":58},"end":{"line":314,"column":86}},"line":314},"16":{"name":"(anonymous_16)","decl":{"start":{"line":324,"column":2},"end":{"line":324,"column":3}},"loc":{"start":{"line":324,"column":14},"end":{"line":337,"column":3}},"line":324}},"branchMap":{"0":{"loc":{"start":{"line":41,"column":6},"end":{"line":41,"column":26}},"type":"if","locations":[{"start":{"line":41,"column":6},"end":{"line":41,"column":26}},{"start":{},"end":{}}],"line":41},"1":{"loc":{"start":{"line":56,"column":4},"end":{"line":62,"column":5}},"type":"if","locations":[{"start":{"line":56,"column":4},"end":{"line":62,"column":5}},{"start":{},"end":{}}],"line":56},"2":{"loc":{"start":{"line":58,"column":6},"end":{"line":60,"column":7}},"type":"if","locations":[{"start":{"line":58,"column":6},"end":{"line":60,"column":7}},{"start":{},"end":{}}],"line":58},"3":{"loc":{"start":{"line":65,"column":4},"end":{"line":80,"column":5}},"type":"switch","locations":[{"start":{"line":66,"column":6},"end":{"line":67,"column":34}},{"start":{"line":68,"column":6},"end":{"line":69,"column":35}},{"start":{"line":70,"column":6},"end":{"line":71,"column":31}},{"start":{"line":72,"column":6},"end":{"line":73,"column":32}},{"start":{"line":74,"column":6},"end":{"line":75,"column":33}},{"start":{"line":76,"column":6},"end":{"line":77,"column":40}},{"start":{"line":78,"column":6},"end":{"line":79,"column":55}}],"line":65},"4":{"loc":{"start":{"line":89,"column":4},"end":{"line":102,"column":5}},"type":"switch","locations":[{"start":{"line":90,"column":6},"end":{"line":90,"column":15}},{"start":{"line":91,"column":6},"end":{"line":92,"column":17}},{"start":{"line":93,"column":6},"end":{"line":93,"column":15}},{"start":{"line":94,"column":6},"end":{"line":95,"column":17}},{"start":{"line":96,"column":6},"end":{"line":97,"column":17}},{"start":{"line":98,"column":6},"end":{"line":99,"column":17}},{"start":{"line":100,"column":6},"end":{"line":101,"column":55}}],"line":89},"5":{"loc":{"start":{"line":112,"column":4},"end":{"line":114,"column":5}},"type":"if","locations":[{"start":{"line":112,"column":4},"end":{"line":114,"column":5}},{"start":{},"end":{}}],"line":112},"6":{"loc":{"start":{"line":134,"column":4},"end":{"line":136,"column":5}},"type":"if","locations":[{"start":{"line":134,"column":4},"end":{"line":136,"column":5}},{"start":{},"end":{}}],"line":134},"7":{"loc":{"start":{"line":156,"column":4},"end":{"line":169,"column":5}},"type":"switch","locations":[{"start":{"line":157,"column":6},"end":{"line":159,"column":14}},{"start":{"line":160,"column":6},"end":{"line":162,"column":14}},{"start":{"line":163,"column":6},"end":{"line":165,"column":14}},{"start":{"line":166,"column":6},"end":{"line":168,"column":14}}],"line":156},"8":{"loc":{"start":{"line":181,"column":4},"end":{"line":194,"column":5}},"type":"switch","locations":[{"start":{"line":182,"column":6},"end":{"line":184,"column":14}},{"start":{"line":185,"column":6},"end":{"line":187,"column":14}},{"start":{"line":188,"column":6},"end":{"line":190,"column":14}},{"start":{"line":191,"column":6},"end":{"line":193,"column":14}}],"line":181},"9":{"loc":{"start":{"line":207,"column":4},"end":{"line":209,"column":5}},"type":"if","locations":[{"start":{"line":207,"column":4},"end":{"line":209,"column":5}},{"start":{},"end":{}}],"line":207},"10":{"loc":{"start":{"line":207,"column":8},"end":{"line":207,"column":44}},"type":"binary-expr","locations":[{"start":{"line":207,"column":8},"end":{"line":207,"column":19}},{"start":{"line":207,"column":23},"end":{"line":207,"column":44}}],"line":207},"11":{"loc":{"start":{"line":229,"column":4},"end":{"line":232,"column":5}},"type":"if","locations":[{"start":{"line":229,"column":4},"end":{"line":232,"column":5}},{"start":{},"end":{}}],"line":229},"12":{"loc":{"start":{"line":240,"column":6},"end":{"line":240,"column":33}},"type":"if","locations":[{"start":{"line":240,"column":6},"end":{"line":240,"column":33}},{"start":{},"end":{}}],"line":240},"13":{"loc":{"start":{"line":258,"column":22},"end":{"line":258,"column":40}},"type":"cond-expr","locations":[{"start":{"line":258,"column":34},"end":{"line":258,"column":35}},{"start":{"line":258,"column":38},"end":{"line":258,"column":40}}],"line":258},"14":{"loc":{"start":{"line":260,"column":4},"end":{"line":273,"column":5}},"type":"switch","locations":[{"start":{"line":261,"column":6},"end":{"line":263,"column":14}},{"start":{"line":264,"column":6},"end":{"line":266,"column":14}},{"start":{"line":267,"column":6},"end":{"line":269,"column":14}},{"start":{"line":270,"column":6},"end":{"line":272,"column":14}}],"line":260},"15":{"loc":{"start":{"line":286,"column":4},"end":{"line":288,"column":5}},"type":"if","locations":[{"start":{"line":286,"column":4},"end":{"line":288,"column":5}},{"start":{},"end":{}}],"line":286},"16":{"loc":{"start":{"line":286,"column":8},"end":{"line":286,"column":81}},"type":"binary-expr","locations":[{"start":{"line":286,"column":8},"end":{"line":286,"column":13}},{"start":{"line":286,"column":17},"end":{"line":286,"column":41}},{"start":{"line":286,"column":45},"end":{"line":286,"column":50}},{"start":{"line":286,"column":54},"end":{"line":286,"column":81}}],"line":286},"17":{"loc":{"start":{"line":301,"column":4},"end":{"line":303,"column":5}},"type":"if","locations":[{"start":{"line":301,"column":4},"end":{"line":303,"column":5}},{"start":{},"end":{}}],"line":301},"18":{"loc":{"start":{"line":301,"column":8},"end":{"line":301,"column":81}},"type":"binary-expr","locations":[{"start":{"line":301,"column":8},"end":{"line":301,"column":13}},{"start":{"line":301,"column":17},"end":{"line":301,"column":41}},{"start":{"line":301,"column":45},"end":{"line":301,"column":50}},{"start":{"line":301,"column":54},"end":{"line":301,"column":81}}],"line":301},"19":{"loc":{"start":{"line":314,"column":58},"end":{"line":314,"column":86}},"type":"binary-expr","locations":[{"start":{"line":314,"column":58},"end":{"line":314,"column":70}},{"start":{"line":314,"column":74},"end":{"line":314,"column":86}}],"line":314},"20":{"loc":{"start":{"line":315,"column":4},"end":{"line":317,"column":5}},"type":"if","locations":[{"start":{"line":315,"column":4},"end":{"line":317,"column":5}},{"start":{},"end":{}}],"line":315}},"s":{"0":20,"1":20,"2":20,"3":20,"4":20,"5":20,"6":20,"7":6,"8":19,"9":19,"10":0,"11":6,"12":47,"13":47,"14":2,"15":2,"16":0,"17":45,"18":17,"19":4,"20":4,"21":9,"22":6,"23":5,"24":0,"25":47,"26":21,"27":13,"28":8,"29":5,"30":0,"31":17,"32":17,"33":1,"34":16,"35":16,"36":16,"37":16,"38":16,"39":16,"40":4,"41":4,"42":0,"43":4,"44":4,"45":4,"46":4,"47":4,"48":4,"49":4,"50":4,"51":1,"52":1,"53":1,"54":1,"55":1,"56":1,"57":1,"58":1,"59":4,"60":9,"61":9,"62":1,"63":1,"64":6,"65":6,"66":1,"67":1,"68":1,"69":1,"70":9,"71":6,"72":6,"73":6,"74":6,"75":6,"76":5,"77":5,"78":5,"79":1,"80":0,"81":1,"82":1,"83":1,"84":3,"85":3,"86":0,"87":1,"88":21,"89":21,"90":21,"91":21,"92":2,"93":2,"94":7,"95":7,"96":10,"97":10,"98":2,"99":2,"100":21,"101":21,"102":0,"103":21,"104":6,"105":0,"106":6,"107":20,"108":25,"109":20,"110":20,"111":6,"112":3},"f":{"0":20,"1":6,"2":47,"3":47,"4":17,"5":4,"6":4,"7":9,"8":6,"9":5,"10":1,"11":21,"12":21,"13":6,"14":20,"15":25,"16":6},"b":{"0":[0,19],"1":[2,45],"2":[2,0],"3":[17,4,4,9,6,5,0],"4":[17,21,4,13,8,5,0],"5":[1,16],"6":[0,4],"7":[1,1,1,1],"8":[1,6,1,1],"9":[6,0],"10":[6,6],"11":[0,1],"12":[0,3],"13":[17,4],"14":[2,7,10,2],"15":[0,21],"16":[21,21,21,21],"17":[0,6],"18":[6,6,6,6],"19":[25,9],"20":[20,0]},"_coverageSchema":"1a1c01bbd47fc00a2c39e90264f33305004495a9","hash":"0798f7578a6e65e3bcfd26f7da080ac705f673e9"}
,"/workspace/project/OCS-Express.js/backend/src/routes/simulationRoutes.js": {"path":"/workspace/project/OCS-Express.js/backend/src/routes/simulationRoutes.js","statementMap":{"0":{"start":{"line":1,"column":16},"end":{"line":1,"column":34}},"1":{"start":{"line":2,"column":29},"end":{"line":2,"column":75}},"2":{"start":{"line":4,"column":15},"end":{"line":4,"column":31}},"3":{"start":{"line":10,"column":0},"end":{"line":10,"column":53}},"4":{"start":{"line":12,"column":0},"end":{"line":12,"column":24}}},"fnMap":{},"branchMap":{},"s":{"0":1,"1":1,"2":1,"3":1,"4":1},"f":{},"b":{},"_coverageSchema":"1a1c01bbd47fc00a2c39e90264f33305004495a9","hash":"8bd3fbc2347b4781d0d8e33e65430874519b6c0f"}
,"/workspace/project/OCS-Express.js/backend/src/services/SimulationService.js": {"path":"/workspace/project/OCS-Express.js/backend/src/services/SimulationService.js","statementMap":{"0":{"start":{"line":1,"column":14},"end":{"line":1,"column":40}},"1":{"start":{"line":13,"column":4},"end":{"line":22,"column":5}},"2":{"start":{"line":14,"column":6},"end":{"line":14,"column":32}},"3":{"start":{"line":16,"column":62},"end":{"line":16,"column":67}},"4":{"start":{"line":18,"column":20},"end":{"line":18,"column":64}},"5":{"start":{"line":19,"column":6},"end":{"line":19,"column":45}},"6":{"start":{"line":21,"column":6},"end":{"line":21,"column":18}},"7":{"start":{"line":31,"column":4},"end":{"line":33,"column":5}},"8":{"start":{"line":32,"column":6},"end":{"line":32,"column":43}},"9":{"start":{"line":35,"column":60},"end":{"line":35,"column":65}},"10":{"start":{"line":38,"column":4},"end":{"line":40,"column":5}},"11":{"start":{"line":39,"column":6},"end":{"line":39,"column":62}},"12":{"start":{"line":43,"column":22},"end":{"line":43,"column":39}},"13":{"start":{"line":44,"column":4},"end":{"line":46,"column":5}},"14":{"start":{"line":44,"column":42},"end":{"line":44,"column":89}},"15":{"start":{"line":45,"column":6},"end":{"line":45,"column":86}},"16":{"start":{"line":49,"column":4},"end":{"line":51,"column":5}},"17":{"start":{"line":50,"column":6},"end":{"line":50,"column":63}},"18":{"start":{"line":54,"column":4},"end":{"line":56,"column":5}},"19":{"start":{"line":55,"column":6},"end":{"line":55,"column":60}},"20":{"start":{"line":58,"column":26},"end":{"line":58,"column":56}},"21":{"start":{"line":59,"column":4},"end":{"line":61,"column":5}},"22":{"start":{"line":59,"column":29},"end":{"line":59,"column":57}},"23":{"start":{"line":60,"column":6},"end":{"line":60,"column":78}},"24":{"start":{"line":64,"column":4},"end":{"line":66,"column":5}},"25":{"start":{"line":65,"column":6},"end":{"line":65,"column":54}},"26":{"start":{"line":68,"column":4},"end":{"line":72,"column":5}},"27":{"start":{"line":71,"column":6},"end":{"line":71,"column":78}},"28":{"start":{"line":74,"column":4},"end":{"line":77,"column":5}},"29":{"start":{"line":76,"column":6},"end":{"line":76,"column":104}},"30":{"start":{"line":80,"column":21},"end":{"line":80,"column":45}},"31":{"start":{"line":81,"column":4},"end":{"line":83,"column":5}},"32":{"start":{"line":82,"column":6},"end":{"line":82,"column":67}},"33":{"start":{"line":85,"column":4},"end":{"line":87,"column":5}},"34":{"start":{"line":86,"column":6},"end":{"line":86,"column":64}},"35":{"start":{"line":91,"column":0},"end":{"line":91,"column":41}}},"fnMap":{"0":{"name":"(anonymous_0)","decl":{"start":{"line":12,"column":2},"end":{"line":12,"column":3}},"loc":{"start":{"line":12,"column":23},"end":{"line":23,"column":3}},"line":12},"1":{"name":"(anonymous_1)","decl":{"start":{"line":30,"column":2},"end":{"line":30,"column":3}},"loc":{"start":{"line":30,"column":23},"end":{"line":88,"column":3}},"line":30},"2":{"name":"(anonymous_2)","decl":{"start":{"line":44,"column":35},"end":{"line":44,"column":36}},"loc":{"start":{"line":44,"column":42},"end":{"line":44,"column":89}},"line":44},"3":{"name":"(anonymous_3)","decl":{"start":{"line":59,"column":22},"end":{"line":59,"column":23}},"loc":{"start":{"line":59,"column":29},"end":{"line":59,"column":57}},"line":59}},"branchMap":{"0":{"loc":{"start":{"line":31,"column":4},"end":{"line":33,"column":5}},"type":"if","locations":[{"start":{"line":31,"column":4},"end":{"line":33,"column":5}},{"start":{},"end":{}}],"line":31},"1":{"loc":{"start":{"line":38,"column":4},"end":{"line":40,"column":5}},"type":"if","locations":[{"start":{"line":38,"column":4},"end":{"line":40,"column":5}},{"start":{},"end":{}}],"line":38},"2":{"loc":{"start":{"line":38,"column":8},"end":{"line":38,"column":67}},"type":"binary-expr","locations":[{"start":{"line":38,"column":8},"end":{"line":38,"column":16}},{"start":{"line":38,"column":20},"end":{"line":38,"column":43}},{"start":{"line":38,"column":47},"end":{"line":38,"column":67}}],"line":38},"3":{"loc":{"start":{"line":44,"column":4},"end":{"line":46,"column":5}},"type":"if","locations":[{"start":{"line":44,"column":4},"end":{"line":46,"column":5}},{"start":{},"end":{}}],"line":44},"4":{"loc":{"start":{"line":44,"column":8},"end":{"line":44,"column":90}},"type":"binary-expr","locations":[{"start":{"line":44,"column":8},"end":{"line":44,"column":18}},{"start":{"line":44,"column":22},"end":{"line":44,"column":90}}],"line":44},"5":{"loc":{"start":{"line":44,"column":42},"end":{"line":44,"column":89}},"type":"binary-expr","locations":[{"start":{"line":44,"column":42},"end":{"line":44,"column":61}},{"start":{"line":44,"column":65},"end":{"line":44,"column":89}}],"line":44},"6":{"loc":{"start":{"line":49,"column":4},"end":{"line":51,"column":5}},"type":"if","locations":[{"start":{"line":49,"column":4},"end":{"line":51,"column":5}},{"start":{},"end":{}}],"line":49},"7":{"loc":{"start":{"line":49,"column":8},"end":{"line":49,"column":50}},"type":"binary-expr","locations":[{"start":{"line":49,"column":8},"end":{"line":49,"column":35}},{"start":{"line":49,"column":39},"end":{"line":49,"column":50}}],"line":49},"8":{"loc":{"start":{"line":54,"column":4},"end":{"line":56,"column":5}},"type":"if","locations":[{"start":{"line":54,"column":4},"end":{"line":56,"column":5}},{"start":{},"end":{}}],"line":54},"9":{"loc":{"start":{"line":54,"column":8},"end":{"line":54,"column":70}},"type":"binary-expr","locations":[{"start":{"line":54,"column":8},"end":{"line":54,"column":17}},{"start":{"line":54,"column":21},"end":{"line":54,"column":45}},{"start":{"line":54,"column":49},"end":{"line":54,"column":70}}],"line":54},"10":{"loc":{"start":{"line":59,"column":4},"end":{"line":61,"column":5}},"type":"if","locations":[{"start":{"line":59,"column":4},"end":{"line":61,"column":5}},{"start":{},"end":{}}],"line":59},"11":{"loc":{"start":{"line":64,"column":4},"end":{"line":66,"column":5}},"type":"if","locations":[{"start":{"line":64,"column":4},"end":{"line":66,"column":5}},{"start":{},"end":{}}],"line":64},"12":{"loc":{"start":{"line":68,"column":4},"end":{"line":72,"column":5}},"type":"if","locations":[{"start":{"line":68,"column":4},"end":{"line":72,"column":5}},{"start":{},"end":{}}],"line":68},"13":{"loc":{"start":{"line":68,"column":8},"end":{"line":70,"column":54}},"type":"binary-expr","locations":[{"start":{"line":68,"column":8},"end":{"line":68,"column":33}},{"start":{"line":69,"column":8},"end":{"line":69,"column":54}},{"start":{"line":70,"column":8},"end":{"line":70,"column":54}}],"line":68},"14":{"loc":{"start":{"line":74,"column":4},"end":{"line":77,"column":5}},"type":"if","locations":[{"start":{"line":74,"column":4},"end":{"line":77,"column":5}},{"start":{},"end":{}}],"line":74},"15":{"loc":{"start":{"line":74,"column":8},"end":{"line":75,"column":76}},"type":"binary-expr","locations":[{"start":{"line":74,"column":8},"end":{"line":74,"column":31}},{"start":{"line":75,"column":8},"end":{"line":75,"column":76}}],"line":74},"16":{"loc":{"start":{"line":81,"column":4},"end":{"line":83,"column":5}},"type":"if","locations":[{"start":{"line":81,"column":4},"end":{"line":83,"column":5}},{"start":{},"end":{}}],"line":81},"17":{"loc":{"start":{"line":81,"column":8},"end":{"line":81,"column":71}},"type":"binary-expr","locations":[{"start":{"line":81,"column":8},"end":{"line":81,"column":13}},{"start":{"line":81,"column":17},"end":{"line":81,"column":36}},{"start":{"line":81,"column":40},"end":{"line":81,"column":45}},{"start":{"line":81,"column":49},"end":{"line":81,"column":71}}],"line":81},"18":{"loc":{"start":{"line":85,"column":4},"end":{"line":87,"column":5}},"type":"if","locations":[{"start":{"line":85,"column":4},"end":{"line":87,"column":5}},{"start":{},"end":{}}],"line":85}},"s":{"0":2,"1":3,"2":3,"3":2,"4":2,"5":2,"6":1,"7":17,"8":1,"9":16,"10":16,"11":2,"12":14,"13":14,"14":28,"15":1,"16":13,"17":3,"18":10,"19":2,"20":8,"21":8,"22":15,"23":1,"24":7,"25":1,"26":6,"27":1,"28":5,"29":1,"30":4,"31":4,"32":1,"33":3,"34":1,"35":2},"f":{"0":3,"1":17,"2":28,"3":15},"b":{"0":[1,16],"1":[2,14],"2":[16,15,15],"3":[1,13],"4":[14,14],"5":[28,28],"6":[3,10],"7":[13,12],"8":[2,8],"9":[10,9,9],"10":[1,7],"11":[1,6],"12":[1,5],"13":[6,5,5],"14":[1,4],"15":[5,5],"16":[1,3],"17":[4,4,4,4],"18":[1,2]},"_coverageSchema":"1a1c01bbd47fc00a2c39e90264f33305004495a9","hash":"62238b15e7047b47f01d18957f7bf7de9aa26363"}
}
