{"D:\\Workspace\\MyPro\\OCS\\OCS_React_Node\\OCS-Express.js\\backend\\src\\server.js": {"path":"D:\\Workspace\\MyPro\\OCS\\OCS_React_Node\\OCS-Express.js\\backend\\src\\server.js","statementMap":{"0":{"start":{"line":1,"column":16},"end":{"line":1,"column":34}},"1":{"start":{"line":2,"column":13},"end":{"line":2,"column":28}},"2":{"start":{"line":3,"column":19},"end":{"line":3,"column":41}},"3":{"start":{"line":4,"column":25},"end":{"line":4,"column":61}},"4":{"start":{"line":6,"column":12},"end":{"line":6,"column":21}},"5":{"start":{"line":8,"column":0},"end":{"line":12,"column":4}},"6":{"start":{"line":13,"column":0},"end":{"line":13,"column":27}},"7":{"start":{"line":14,"column":0},"end":{"line":14,"column":45}},"8":{"start":{"line":16,"column":0},"end":{"line":18,"column":3}},"9":{"start":{"line":17,"column":2},"end":{"line":17,"column":41}},"10":{"start":{"line":20,"column":0},"end":{"line":26,"column":3}},"11":{"start":{"line":21,"column":2},"end":{"line":21,"column":27}},"12":{"start":{"line":22,"column":2},"end":{"line":25,"column":5}},"13":{"start":{"line":28,"column":0},"end":{"line":28,"column":21}}},"fnMap":{"0":{"name":"(anonymous_0)","decl":{"start":{"line":16,"column":19},"end":{"line":16,"column":20}},"loc":{"start":{"line":16,"column":33},"end":{"line":18,"column":1}},"line":16},"1":{"name":"(anonymous_1)","decl":{"start":{"line":20,"column":8},"end":{"line":20,"column":9}},"loc":{"start":{"line":20,"column":33},"end":{"line":26,"column":1}},"line":20}},"branchMap":{},"s":{"0":1,"1":1,"2":1,"3":1,"4":1,"5":1,"6":1,"7":1,"8":1,"9":1,"10":1,"11":0,"12":0,"13":1},"f":{"0":1,"1":0},"b":{},"_coverageSchema":"1a1c01bbd47fc00a2c39e90264f33305004495a9","hash":"dd41fb95eaa6e5830b482ee3d2e7da2ee874db85"}
,"D:\\Workspace\\MyPro\\OCS\\OCS_React_Node\\OCS-Express.js\\backend\\src\\controllers\\SimulationController.js": {"path":"D:\\Workspace\\MyPro\\OCS\\OCS_React_Node\\OCS-Express.js\\backend\\src\\controllers\\SimulationController.js","statementMap":{"0":{"start":{"line":1,"column":26},"end":{"line":1,"column":66}},"1":{"start":{"line":5,"column":4},"end":{"line":11,"column":5}},"2":{"start":{"line":6,"column":20},"end":{"line":6,"column":28}},"3":{"start":{"line":7,"column":21},"end":{"line":7,"column":59}},"4":{"start":{"line":8,"column":6},"end":{"line":8,"column":35}},"5":{"start":{"line":10,"column":6},"end":{"line":10,"column":53}},"6":{"start":{"line":15,"column":0},"end":{"line":15,"column":44}}},"fnMap":{"0":{"name":"(anonymous_0)","decl":{"start":{"line":4,"column":2},"end":{"line":4,"column":3}},"loc":{"start":{"line":4,"column":26},"end":{"line":12,"column":3}},"line":4}},"branchMap":{},"s":{"0":1,"1":2,"2":2,"3":2,"4":1,"5":1,"6":1},"f":{"0":2},"b":{},"_coverageSchema":"1a1c01bbd47fc00a2c39e90264f33305004495a9","hash":"4f18ae9aeeebd231bbacbb2cb817a83eec17b61e"}
,"D:\\Workspace\\MyPro\\OCS\\OCS_React_Node\\OCS-Express.js\\backend\\src\\models\\Robot.js": {"path":"D:\\Workspace\\MyPro\\OCS\\OCS_React_Node\\OCS-Express.js\\backend\\src\\models\\Robot.js","statementMap":{"0":{"start":{"line":3,"column":4},"end":{"line":3,"column":27}},"1":{"start":{"line":4,"column":4},"end":{"line":4,"column":27}},"2":{"start":{"line":5,"column":4},"end":{"line":9,"column":6}},"3":{"start":{"line":10,"column":4},"end":{"line":10,"column":69}},"4":{"start":{"line":11,"column":4},"end":{"line":11,"column":31}},"5":{"start":{"line":12,"column":4},"end":{"line":20,"column":6}},"6":{"start":{"line":21,"column":4},"end":{"line":21,"column":36}},"7":{"start":{"line":25,"column":4},"end":{"line":28,"column":5}},"8":{"start":{"line":26,"column":22},"end":{"line":26,"column":50}},"9":{"start":{"line":27,"column":6},"end":{"line":27,"column":26}},"10":{"start":{"line":27,"column":20},"end":{"line":27,"column":26}},"11":{"start":{"line":30,"column":4},"end":{"line":30,"column":28}},"12":{"start":{"line":34,"column":26},"end":{"line":34,"column":61}},"13":{"start":{"line":36,"column":4},"end":{"line":41,"column":5}},"14":{"start":{"line":37,"column":6},"end":{"line":39,"column":7}},"15":{"start":{"line":38,"column":8},"end":{"line":38,"column":40}},"16":{"start":{"line":40,"column":6},"end":{"line":40,"column":19}},"17":{"start":{"line":43,"column":4},"end":{"line":58,"column":5}},"18":{"start":{"line":45,"column":8},"end":{"line":45,"column":34}},"19":{"start":{"line":47,"column":8},"end":{"line":47,"column":35}},"20":{"start":{"line":49,"column":8},"end":{"line":49,"column":31}},"21":{"start":{"line":51,"column":8},"end":{"line":51,"column":32}},"22":{"start":{"line":53,"column":8},"end":{"line":53,"column":33}},"23":{"start":{"line":55,"column":8},"end":{"line":55,"column":40}},"24":{"start":{"line":57,"column":8},"end":{"line":57,"column":55}},"25":{"start":{"line":62,"column":4},"end":{"line":75,"column":5}},"26":{"start":{"line":65,"column":8},"end":{"line":65,"column":17}},"27":{"start":{"line":68,"column":8},"end":{"line":68,"column":17}},"28":{"start":{"line":70,"column":8},"end":{"line":70,"column":17}},"29":{"start":{"line":72,"column":8},"end":{"line":72,"column":17}},"30":{"start":{"line":74,"column":8},"end":{"line":74,"column":55}},"31":{"start":{"line":79,"column":25},"end":{"line":79,"column":50}},"32":{"start":{"line":81,"column":4},"end":{"line":83,"column":5}},"33":{"start":{"line":82,"column":6},"end":{"line":82,"column":41}},"34":{"start":{"line":85,"column":4},"end":{"line":85,"column":22}},"35":{"start":{"line":86,"column":4},"end":{"line":86,"column":37}},"36":{"start":{"line":87,"column":4},"end":{"line":87,"column":37}},"37":{"start":{"line":88,"column":4},"end":{"line":88,"column":56}},"38":{"start":{"line":91,"column":4},"end":{"line":91,"column":36}},"39":{"start":{"line":93,"column":4},"end":{"line":93,"column":16}},"40":{"start":{"line":97,"column":25},"end":{"line":97,"column":50}},"41":{"start":{"line":99,"column":4},"end":{"line":101,"column":5}},"42":{"start":{"line":100,"column":6},"end":{"line":100,"column":41}},"43":{"start":{"line":103,"column":4},"end":{"line":103,"column":22}},"44":{"start":{"line":104,"column":4},"end":{"line":104,"column":37}},"45":{"start":{"line":105,"column":4},"end":{"line":105,"column":37}},"46":{"start":{"line":106,"column":4},"end":{"line":106,"column":56}},"47":{"start":{"line":108,"column":4},"end":{"line":108,"column":36}},"48":{"start":{"line":110,"column":4},"end":{"line":110,"column":16}},"49":{"start":{"line":114,"column":4},"end":{"line":114,"column":22}},"50":{"start":{"line":116,"column":4},"end":{"line":129,"column":5}},"51":{"start":{"line":118,"column":8},"end":{"line":118,"column":38}},"52":{"start":{"line":119,"column":8},"end":{"line":119,"column":14}},"53":{"start":{"line":121,"column":8},"end":{"line":121,"column":39}},"54":{"start":{"line":122,"column":8},"end":{"line":122,"column":14}},"55":{"start":{"line":124,"column":8},"end":{"line":124,"column":38}},"56":{"start":{"line":125,"column":8},"end":{"line":125,"column":14}},"57":{"start":{"line":127,"column":8},"end":{"line":127,"column":39}},"58":{"start":{"line":128,"column":8},"end":{"line":128,"column":14}},"59":{"start":{"line":131,"column":4},"end":{"line":131,"column":16}},"60":{"start":{"line":135,"column":4},"end":{"line":135,"column":22}},"61":{"start":{"line":137,"column":4},"end":{"line":150,"column":5}},"62":{"start":{"line":139,"column":8},"end":{"line":139,"column":38}},"63":{"start":{"line":140,"column":8},"end":{"line":140,"column":14}},"64":{"start":{"line":142,"column":8},"end":{"line":142,"column":39}},"65":{"start":{"line":143,"column":8},"end":{"line":143,"column":14}},"66":{"start":{"line":145,"column":8},"end":{"line":145,"column":38}},"67":{"start":{"line":146,"column":8},"end":{"line":146,"column":14}},"68":{"start":{"line":148,"column":8},"end":{"line":148,"column":39}},"69":{"start":{"line":149,"column":8},"end":{"line":149,"column":14}},"70":{"start":{"line":152,"column":4},"end":{"line":152,"column":16}},"71":{"start":{"line":156,"column":4},"end":{"line":156,"column":22}},"72":{"start":{"line":158,"column":24},"end":{"line":158,"column":77}},"73":{"start":{"line":159,"column":4},"end":{"line":161,"column":5}},"74":{"start":{"line":160,"column":6},"end":{"line":160,"column":46}},"75":{"start":{"line":163,"column":4},"end":{"line":163,"column":16}},"76":{"start":{"line":167,"column":4},"end":{"line":167,"column":22}},"77":{"start":{"line":168,"column":4},"end":{"line":168,"column":23}},"78":{"start":{"line":169,"column":4},"end":{"line":169,"column":16}},"79":{"start":{"line":173,"column":4},"end":{"line":175,"column":5}},"80":{"start":{"line":174,"column":6},"end":{"line":174,"column":19}},"81":{"start":{"line":177,"column":21},"end":{"line":177,"column":72}},"82":{"start":{"line":178,"column":4},"end":{"line":178,"column":34}},"83":{"start":{"line":180,"column":4},"end":{"line":183,"column":5}},"84":{"start":{"line":181,"column":22},"end":{"line":181,"column":50}},"85":{"start":{"line":182,"column":6},"end":{"line":182,"column":33}},"86":{"start":{"line":182,"column":20},"end":{"line":182,"column":33}},"87":{"start":{"line":185,"column":4},"end":{"line":185,"column":16}},"88":{"start":{"line":189,"column":25},"end":{"line":192,"column":5}},"89":{"start":{"line":194,"column":22},"end":{"line":194,"column":37}},"90":{"start":{"line":195,"column":22},"end":{"line":195,"column":40}},"91":{"start":{"line":197,"column":4},"end":{"line":210,"column":5}},"92":{"start":{"line":199,"column":8},"end":{"line":199,"column":36}},"93":{"start":{"line":200,"column":8},"end":{"line":200,"column":14}},"94":{"start":{"line":202,"column":8},"end":{"line":202,"column":36}},"95":{"start":{"line":203,"column":8},"end":{"line":203,"column":14}},"96":{"start":{"line":205,"column":8},"end":{"line":205,"column":36}},"97":{"start":{"line":206,"column":8},"end":{"line":206,"column":14}},"98":{"start":{"line":208,"column":8},"end":{"line":208,"column":36}},"99":{"start":{"line":209,"column":8},"end":{"line":209,"column":14}},"100":{"start":{"line":212,"column":4},"end":{"line":212,"column":24}},"101":{"start":{"line":216,"column":4},"end":{"line":218,"column":5}},"102":{"start":{"line":217,"column":6},"end":{"line":217,"column":18}},"103":{"start":{"line":220,"column":4},"end":{"line":220,"column":40}},"104":{"start":{"line":224,"column":4},"end":{"line":226,"column":5}},"105":{"start":{"line":225,"column":6},"end":{"line":225,"column":18}},"106":{"start":{"line":228,"column":4},"end":{"line":228,"column":30}},"107":{"start":{"line":232,"column":27},"end":{"line":232,"column":87}},"108":{"start":{"line":232,"column":58},"end":{"line":232,"column":86}},"109":{"start":{"line":233,"column":4},"end":{"line":235,"column":5}},"110":{"start":{"line":234,"column":6},"end":{"line":234,"column":45}},"111":{"start":{"line":239,"column":4},"end":{"line":250,"column":6}},"112":{"start":{"line":254,"column":0},"end":{"line":254,"column":23}}},"fnMap":{"0":{"name":"(anonymous_0)","decl":{"start":{"line":2,"column":2},"end":{"line":2,"column":3}},"loc":{"start":{"line":2,"column":49},"end":{"line":22,"column":3}},"line":2},"1":{"name":"(anonymous_1)","decl":{"start":{"line":24,"column":2},"end":{"line":24,"column":3}},"loc":{"start":{"line":24,"column":28},"end":{"line":31,"column":3}},"line":24},"2":{"name":"(anonymous_2)","decl":{"start":{"line":33,"column":2},"end":{"line":33,"column":3}},"loc":{"start":{"line":33,"column":26},"end":{"line":59,"column":3}},"line":33},"3":{"name":"(anonymous_3)","decl":{"start":{"line":61,"column":2},"end":{"line":61,"column":3}},"loc":{"start":{"line":61,"column":33},"end":{"line":76,"column":3}},"line":61},"4":{"name":"(anonymous_4)","decl":{"start":{"line":78,"column":2},"end":{"line":78,"column":3}},"loc":{"start":{"line":78,"column":16},"end":{"line":94,"column":3}},"line":78},"5":{"name":"(anonymous_5)","decl":{"start":{"line":96,"column":2},"end":{"line":96,"column":3}},"loc":{"start":{"line":96,"column":17},"end":{"line":111,"column":3}},"line":96},"6":{"name":"(anonymous_6)","decl":{"start":{"line":113,"column":2},"end":{"line":113,"column":3}},"loc":{"start":{"line":113,"column":13},"end":{"line":132,"column":3}},"line":113},"7":{"name":"(anonymous_7)","decl":{"start":{"line":134,"column":2},"end":{"line":134,"column":3}},"loc":{"start":{"line":134,"column":14},"end":{"line":153,"column":3}},"line":134},"8":{"name":"(anonymous_8)","decl":{"start":{"line":155,"column":2},"end":{"line":155,"column":3}},"loc":{"start":{"line":155,"column":15},"end":{"line":164,"column":3}},"line":155},"9":{"name":"(anonymous_9)","decl":{"start":{"line":166,"column":2},"end":{"line":166,"column":3}},"loc":{"start":{"line":166,"column":22},"end":{"line":170,"column":3}},"line":166},"10":{"name":"(anonymous_10)","decl":{"start":{"line":172,"column":2},"end":{"line":172,"column":3}},"loc":{"start":{"line":172,"column":25},"end":{"line":186,"column":3}},"line":172},"11":{"name":"(anonymous_11)","decl":{"start":{"line":188,"column":2},"end":{"line":188,"column":3}},"loc":{"start":{"line":188,"column":27},"end":{"line":213,"column":3}},"line":188},"12":{"name":"(anonymous_12)","decl":{"start":{"line":215,"column":2},"end":{"line":215,"column":3}},"loc":{"start":{"line":215,"column":19},"end":{"line":221,"column":3}},"line":215},"13":{"name":"(anonymous_13)","decl":{"start":{"line":223,"column":2},"end":{"line":223,"column":3}},"loc":{"start":{"line":223,"column":23},"end":{"line":229,"column":3}},"line":223},"14":{"name":"(anonymous_14)","decl":{"start":{"line":231,"column":2},"end":{"line":231,"column":3}},"loc":{"start":{"line":231,"column":23},"end":{"line":236,"column":3}},"line":231},"15":{"name":"(anonymous_15)","decl":{"start":{"line":232,"column":50},"end":{"line":232,"column":51}},"loc":{"start":{"line":232,"column":58},"end":{"line":232,"column":86}},"line":232},"16":{"name":"(anonymous_16)","decl":{"start":{"line":238,"column":2},"end":{"line":238,"column":3}},"loc":{"start":{"line":238,"column":14},"end":{"line":251,"column":3}},"line":238}},"branchMap":{"0":{"loc":{"start":{"line":27,"column":6},"end":{"line":27,"column":26}},"type":"if","locations":[{"start":{"line":27,"column":6},"end":{"line":27,"column":26}},{"start":{},"end":{}}],"line":27},"1":{"loc":{"start":{"line":36,"column":4},"end":{"line":41,"column":5}},"type":"if","locations":[{"start":{"line":36,"column":4},"end":{"line":41,"column":5}},{"start":{},"end":{}}],"line":36},"2":{"loc":{"start":{"line":37,"column":6},"end":{"line":39,"column":7}},"type":"if","locations":[{"start":{"line":37,"column":6},"end":{"line":39,"column":7}},{"start":{},"end":{}}],"line":37},"3":{"loc":{"start":{"line":43,"column":4},"end":{"line":58,"column":5}},"type":"switch","locations":[{"start":{"line":44,"column":6},"end":{"line":45,"column":34}},{"start":{"line":46,"column":6},"end":{"line":47,"column":35}},{"start":{"line":48,"column":6},"end":{"line":49,"column":31}},{"start":{"line":50,"column":6},"end":{"line":51,"column":32}},{"start":{"line":52,"column":6},"end":{"line":53,"column":33}},{"start":{"line":54,"column":6},"end":{"line":55,"column":40}},{"start":{"line":56,"column":6},"end":{"line":57,"column":55}}],"line":43},"4":{"loc":{"start":{"line":62,"column":4},"end":{"line":75,"column":5}},"type":"switch","locations":[{"start":{"line":63,"column":6},"end":{"line":63,"column":15}},{"start":{"line":64,"column":6},"end":{"line":65,"column":17}},{"start":{"line":66,"column":6},"end":{"line":66,"column":15}},{"start":{"line":67,"column":6},"end":{"line":68,"column":17}},{"start":{"line":69,"column":6},"end":{"line":70,"column":17}},{"start":{"line":71,"column":6},"end":{"line":72,"column":17}},{"start":{"line":73,"column":6},"end":{"line":74,"column":55}}],"line":62},"5":{"loc":{"start":{"line":81,"column":4},"end":{"line":83,"column":5}},"type":"if","locations":[{"start":{"line":81,"column":4},"end":{"line":83,"column":5}},{"start":{},"end":{}}],"line":81},"6":{"loc":{"start":{"line":99,"column":4},"end":{"line":101,"column":5}},"type":"if","locations":[{"start":{"line":99,"column":4},"end":{"line":101,"column":5}},{"start":{},"end":{}}],"line":99},"7":{"loc":{"start":{"line":116,"column":4},"end":{"line":129,"column":5}},"type":"switch","locations":[{"start":{"line":117,"column":6},"end":{"line":119,"column":14}},{"start":{"line":120,"column":6},"end":{"line":122,"column":14}},{"start":{"line":123,"column":6},"end":{"line":125,"column":14}},{"start":{"line":126,"column":6},"end":{"line":128,"column":14}}],"line":116},"8":{"loc":{"start":{"line":137,"column":4},"end":{"line":150,"column":5}},"type":"switch","locations":[{"start":{"line":138,"column":6},"end":{"line":140,"column":14}},{"start":{"line":141,"column":6},"end":{"line":143,"column":14}},{"start":{"line":144,"column":6},"end":{"line":146,"column":14}},{"start":{"line":147,"column":6},"end":{"line":149,"column":14}}],"line":137},"9":{"loc":{"start":{"line":159,"column":4},"end":{"line":161,"column":5}},"type":"if","locations":[{"start":{"line":159,"column":4},"end":{"line":161,"column":5}},{"start":{},"end":{}}],"line":159},"10":{"loc":{"start":{"line":159,"column":8},"end":{"line":159,"column":44}},"type":"binary-expr","locations":[{"start":{"line":159,"column":8},"end":{"line":159,"column":19}},{"start":{"line":159,"column":23},"end":{"line":159,"column":44}}],"line":159},"11":{"loc":{"start":{"line":173,"column":4},"end":{"line":175,"column":5}},"type":"if","locations":[{"start":{"line":173,"column":4},"end":{"line":175,"column":5}},{"start":{},"end":{}}],"line":173},"12":{"loc":{"start":{"line":182,"column":6},"end":{"line":182,"column":33}},"type":"if","locations":[{"start":{"line":182,"column":6},"end":{"line":182,"column":33}},{"start":{},"end":{}}],"line":182},"13":{"loc":{"start":{"line":195,"column":22},"end":{"line":195,"column":40}},"type":"cond-expr","locations":[{"start":{"line":195,"column":34},"end":{"line":195,"column":35}},{"start":{"line":195,"column":38},"end":{"line":195,"column":40}}],"line":195},"14":{"loc":{"start":{"line":197,"column":4},"end":{"line":210,"column":5}},"type":"switch","locations":[{"start":{"line":198,"column":6},"end":{"line":200,"column":14}},{"start":{"line":201,"column":6},"end":{"line":203,"column":14}},{"start":{"line":204,"column":6},"end":{"line":206,"column":14}},{"start":{"line":207,"column":6},"end":{"line":209,"column":14}}],"line":197},"15":{"loc":{"start":{"line":216,"column":4},"end":{"line":218,"column":5}},"type":"if","locations":[{"start":{"line":216,"column":4},"end":{"line":218,"column":5}},{"start":{},"end":{}}],"line":216},"16":{"loc":{"start":{"line":216,"column":8},"end":{"line":216,"column":81}},"type":"binary-expr","locations":[{"start":{"line":216,"column":8},"end":{"line":216,"column":13}},{"start":{"line":216,"column":17},"end":{"line":216,"column":41}},{"start":{"line":216,"column":45},"end":{"line":216,"column":50}},{"start":{"line":216,"column":54},"end":{"line":216,"column":81}}],"line":216},"17":{"loc":{"start":{"line":224,"column":4},"end":{"line":226,"column":5}},"type":"if","locations":[{"start":{"line":224,"column":4},"end":{"line":226,"column":5}},{"start":{},"end":{}}],"line":224},"18":{"loc":{"start":{"line":224,"column":8},"end":{"line":224,"column":81}},"type":"binary-expr","locations":[{"start":{"line":224,"column":8},"end":{"line":224,"column":13}},{"start":{"line":224,"column":17},"end":{"line":224,"column":41}},{"start":{"line":224,"column":45},"end":{"line":224,"column":50}},{"start":{"line":224,"column":54},"end":{"line":224,"column":81}}],"line":224},"19":{"loc":{"start":{"line":232,"column":58},"end":{"line":232,"column":86}},"type":"binary-expr","locations":[{"start":{"line":232,"column":58},"end":{"line":232,"column":70}},{"start":{"line":232,"column":74},"end":{"line":232,"column":86}}],"line":232},"20":{"loc":{"start":{"line":233,"column":4},"end":{"line":235,"column":5}},"type":"if","locations":[{"start":{"line":233,"column":4},"end":{"line":235,"column":5}},{"start":{},"end":{}}],"line":233}},"s":{"0":20,"1":20,"2":20,"3":20,"4":20,"5":20,"6":20,"7":6,"8":19,"9":19,"10":0,"11":6,"12":47,"13":47,"14":2,"15":2,"16":0,"17":45,"18":17,"19":4,"20":4,"21":9,"22":6,"23":5,"24":0,"25":47,"26":21,"27":13,"28":8,"29":5,"30":0,"31":17,"32":17,"33":1,"34":16,"35":16,"36":16,"37":16,"38":16,"39":16,"40":4,"41":4,"42":0,"43":4,"44":4,"45":4,"46":4,"47":4,"48":4,"49":4,"50":4,"51":1,"52":1,"53":1,"54":1,"55":1,"56":1,"57":1,"58":1,"59":4,"60":9,"61":9,"62":1,"63":1,"64":6,"65":6,"66":1,"67":1,"68":1,"69":1,"70":9,"71":6,"72":6,"73":6,"74":6,"75":6,"76":5,"77":5,"78":5,"79":1,"80":0,"81":1,"82":1,"83":1,"84":3,"85":3,"86":0,"87":1,"88":21,"89":21,"90":21,"91":21,"92":2,"93":2,"94":7,"95":7,"96":10,"97":10,"98":2,"99":2,"100":21,"101":21,"102":0,"103":21,"104":6,"105":0,"106":6,"107":20,"108":25,"109":20,"110":20,"111":6,"112":3},"f":{"0":20,"1":6,"2":47,"3":47,"4":17,"5":4,"6":4,"7":9,"8":6,"9":5,"10":1,"11":21,"12":21,"13":6,"14":20,"15":25,"16":6},"b":{"0":[0,19],"1":[2,45],"2":[2,0],"3":[17,4,4,9,6,5,0],"4":[17,21,4,13,8,5,0],"5":[1,16],"6":[0,4],"7":[1,1,1,1],"8":[1,6,1,1],"9":[6,0],"10":[6,6],"11":[0,1],"12":[0,3],"13":[17,4],"14":[2,7,10,2],"15":[0,21],"16":[21,21,21,21],"17":[0,6],"18":[6,6,6,6],"19":[25,9],"20":[20,0]},"_coverageSchema":"1a1c01bbd47fc00a2c39e90264f33305004495a9","hash":"d15107424c6120023991817bc9885b397a1e1f16"}
,"D:\\Workspace\\MyPro\\OCS\\OCS_React_Node\\OCS-Express.js\\backend\\src\\routes\\simulationRoutes.js": {"path":"D:\\Workspace\\MyPro\\OCS\\OCS_React_Node\\OCS-Express.js\\backend\\src\\routes\\simulationRoutes.js","statementMap":{"0":{"start":{"line":1,"column":16},"end":{"line":1,"column":34}},"1":{"start":{"line":2,"column":29},"end":{"line":2,"column":75}},"2":{"start":{"line":4,"column":15},"end":{"line":4,"column":31}},"3":{"start":{"line":6,"column":0},"end":{"line":6,"column":53}},"4":{"start":{"line":8,"column":0},"end":{"line":8,"column":24}}},"fnMap":{},"branchMap":{},"s":{"0":1,"1":1,"2":1,"3":1,"4":1},"f":{},"b":{},"_coverageSchema":"1a1c01bbd47fc00a2c39e90264f33305004495a9","hash":"b2fbf2ebbb2c708708dbd0e9a0a7d1fc46e772d5"}
,"D:\\Workspace\\MyPro\\OCS\\OCS_React_Node\\OCS-Express.js\\backend\\src\\services\\SimulationService.js": {"path":"D:\\Workspace\\MyPro\\OCS\\OCS_React_Node\\OCS-Express.js\\backend\\src\\services\\SimulationService.js","statementMap":{"0":{"start":{"line":1,"column":14},"end":{"line":1,"column":40}},"1":{"start":{"line":9,"column":4},"end":{"line":18,"column":5}},"2":{"start":{"line":10,"column":6},"end":{"line":10,"column":32}},"3":{"start":{"line":12,"column":62},"end":{"line":12,"column":67}},"4":{"start":{"line":14,"column":20},"end":{"line":14,"column":64}},"5":{"start":{"line":15,"column":6},"end":{"line":15,"column":45}},"6":{"start":{"line":17,"column":6},"end":{"line":17,"column":18}},"7":{"start":{"line":27,"column":4},"end":{"line":29,"column":5}},"8":{"start":{"line":28,"column":6},"end":{"line":28,"column":43}},"9":{"start":{"line":31,"column":60},"end":{"line":31,"column":65}},"10":{"start":{"line":33,"column":4},"end":{"line":35,"column":5}},"11":{"start":{"line":34,"column":6},"end":{"line":34,"column":62}},"12":{"start":{"line":37,"column":22},"end":{"line":37,"column":39}},"13":{"start":{"line":38,"column":4},"end":{"line":40,"column":5}},"14":{"start":{"line":38,"column":42},"end":{"line":38,"column":89}},"15":{"start":{"line":39,"column":6},"end":{"line":39,"column":86}},"16":{"start":{"line":42,"column":4},"end":{"line":44,"column":5}},"17":{"start":{"line":43,"column":6},"end":{"line":43,"column":63}},"18":{"start":{"line":46,"column":4},"end":{"line":48,"column":5}},"19":{"start":{"line":47,"column":6},"end":{"line":47,"column":60}},"20":{"start":{"line":50,"column":26},"end":{"line":50,"column":56}},"21":{"start":{"line":51,"column":4},"end":{"line":53,"column":5}},"22":{"start":{"line":51,"column":29},"end":{"line":51,"column":57}},"23":{"start":{"line":52,"column":6},"end":{"line":52,"column":78}},"24":{"start":{"line":55,"column":4},"end":{"line":57,"column":5}},"25":{"start":{"line":56,"column":6},"end":{"line":56,"column":54}},"26":{"start":{"line":59,"column":4},"end":{"line":63,"column":5}},"27":{"start":{"line":62,"column":6},"end":{"line":62,"column":78}},"28":{"start":{"line":65,"column":4},"end":{"line":68,"column":5}},"29":{"start":{"line":67,"column":6},"end":{"line":67,"column":104}},"30":{"start":{"line":70,"column":21},"end":{"line":70,"column":45}},"31":{"start":{"line":71,"column":4},"end":{"line":73,"column":5}},"32":{"start":{"line":72,"column":6},"end":{"line":72,"column":67}},"33":{"start":{"line":75,"column":4},"end":{"line":77,"column":5}},"34":{"start":{"line":76,"column":6},"end":{"line":76,"column":64}},"35":{"start":{"line":81,"column":0},"end":{"line":81,"column":41}}},"fnMap":{"0":{"name":"(anonymous_0)","decl":{"start":{"line":8,"column":2},"end":{"line":8,"column":3}},"loc":{"start":{"line":8,"column":23},"end":{"line":19,"column":3}},"line":8},"1":{"name":"(anonymous_1)","decl":{"start":{"line":26,"column":2},"end":{"line":26,"column":3}},"loc":{"start":{"line":26,"column":23},"end":{"line":78,"column":3}},"line":26},"2":{"name":"(anonymous_2)","decl":{"start":{"line":38,"column":35},"end":{"line":38,"column":36}},"loc":{"start":{"line":38,"column":42},"end":{"line":38,"column":89}},"line":38},"3":{"name":"(anonymous_3)","decl":{"start":{"line":51,"column":22},"end":{"line":51,"column":23}},"loc":{"start":{"line":51,"column":29},"end":{"line":51,"column":57}},"line":51}},"branchMap":{"0":{"loc":{"start":{"line":27,"column":4},"end":{"line":29,"column":5}},"type":"if","locations":[{"start":{"line":27,"column":4},"end":{"line":29,"column":5}},{"start":{},"end":{}}],"line":27},"1":{"loc":{"start":{"line":33,"column":4},"end":{"line":35,"column":5}},"type":"if","locations":[{"start":{"line":33,"column":4},"end":{"line":35,"column":5}},{"start":{},"end":{}}],"line":33},"2":{"loc":{"start":{"line":33,"column":8},"end":{"line":33,"column":67}},"type":"binary-expr","locations":[{"start":{"line":33,"column":8},"end":{"line":33,"column":16}},{"start":{"line":33,"column":20},"end":{"line":33,"column":43}},{"start":{"line":33,"column":47},"end":{"line":33,"column":67}}],"line":33},"3":{"loc":{"start":{"line":38,"column":4},"end":{"line":40,"column":5}},"type":"if","locations":[{"start":{"line":38,"column":4},"end":{"line":40,"column":5}},{"start":{},"end":{}}],"line":38},"4":{"loc":{"start":{"line":38,"column":8},"end":{"line":38,"column":90}},"type":"binary-expr","locations":[{"start":{"line":38,"column":8},"end":{"line":38,"column":18}},{"start":{"line":38,"column":22},"end":{"line":38,"column":90}}],"line":38},"5":{"loc":{"start":{"line":38,"column":42},"end":{"line":38,"column":89}},"type":"binary-expr","locations":[{"start":{"line":38,"column":42},"end":{"line":38,"column":61}},{"start":{"line":38,"column":65},"end":{"line":38,"column":89}}],"line":38},"6":{"loc":{"start":{"line":42,"column":4},"end":{"line":44,"column":5}},"type":"if","locations":[{"start":{"line":42,"column":4},"end":{"line":44,"column":5}},{"start":{},"end":{}}],"line":42},"7":{"loc":{"start":{"line":42,"column":8},"end":{"line":42,"column":50}},"type":"binary-expr","locations":[{"start":{"line":42,"column":8},"end":{"line":42,"column":35}},{"start":{"line":42,"column":39},"end":{"line":42,"column":50}}],"line":42},"8":{"loc":{"start":{"line":46,"column":4},"end":{"line":48,"column":5}},"type":"if","locations":[{"start":{"line":46,"column":4},"end":{"line":48,"column":5}},{"start":{},"end":{}}],"line":46},"9":{"loc":{"start":{"line":46,"column":8},"end":{"line":46,"column":70}},"type":"binary-expr","locations":[{"start":{"line":46,"column":8},"end":{"line":46,"column":17}},{"start":{"line":46,"column":21},"end":{"line":46,"column":45}},{"start":{"line":46,"column":49},"end":{"line":46,"column":70}}],"line":46},"10":{"loc":{"start":{"line":51,"column":4},"end":{"line":53,"column":5}},"type":"if","locations":[{"start":{"line":51,"column":4},"end":{"line":53,"column":5}},{"start":{},"end":{}}],"line":51},"11":{"loc":{"start":{"line":55,"column":4},"end":{"line":57,"column":5}},"type":"if","locations":[{"start":{"line":55,"column":4},"end":{"line":57,"column":5}},{"start":{},"end":{}}],"line":55},"12":{"loc":{"start":{"line":59,"column":4},"end":{"line":63,"column":5}},"type":"if","locations":[{"start":{"line":59,"column":4},"end":{"line":63,"column":5}},{"start":{},"end":{}}],"line":59},"13":{"loc":{"start":{"line":59,"column":8},"end":{"line":61,"column":54}},"type":"binary-expr","locations":[{"start":{"line":59,"column":8},"end":{"line":59,"column":33}},{"start":{"line":60,"column":8},"end":{"line":60,"column":54}},{"start":{"line":61,"column":8},"end":{"line":61,"column":54}}],"line":59},"14":{"loc":{"start":{"line":65,"column":4},"end":{"line":68,"column":5}},"type":"if","locations":[{"start":{"line":65,"column":4},"end":{"line":68,"column":5}},{"start":{},"end":{}}],"line":65},"15":{"loc":{"start":{"line":65,"column":8},"end":{"line":66,"column":76}},"type":"binary-expr","locations":[{"start":{"line":65,"column":8},"end":{"line":65,"column":31}},{"start":{"line":66,"column":8},"end":{"line":66,"column":76}}],"line":65},"16":{"loc":{"start":{"line":71,"column":4},"end":{"line":73,"column":5}},"type":"if","locations":[{"start":{"line":71,"column":4},"end":{"line":73,"column":5}},{"start":{},"end":{}}],"line":71},"17":{"loc":{"start":{"line":71,"column":8},"end":{"line":71,"column":71}},"type":"binary-expr","locations":[{"start":{"line":71,"column":8},"end":{"line":71,"column":13}},{"start":{"line":71,"column":17},"end":{"line":71,"column":36}},{"start":{"line":71,"column":40},"end":{"line":71,"column":45}},{"start":{"line":71,"column":49},"end":{"line":71,"column":71}}],"line":71},"18":{"loc":{"start":{"line":75,"column":4},"end":{"line":77,"column":5}},"type":"if","locations":[{"start":{"line":75,"column":4},"end":{"line":77,"column":5}},{"start":{},"end":{}}],"line":75}},"s":{"0":2,"1":3,"2":3,"3":2,"4":2,"5":2,"6":1,"7":17,"8":1,"9":16,"10":16,"11":2,"12":14,"13":14,"14":28,"15":1,"16":13,"17":3,"18":10,"19":2,"20":8,"21":8,"22":15,"23":1,"24":7,"25":1,"26":6,"27":1,"28":5,"29":1,"30":4,"31":4,"32":1,"33":3,"34":1,"35":2},"f":{"0":3,"1":17,"2":28,"3":15},"b":{"0":[1,16],"1":[2,14],"2":[16,15,15],"3":[1,13],"4":[14,14],"5":[28,28],"6":[3,10],"7":[13,12],"8":[2,8],"9":[10,9,9],"10":[1,7],"11":[1,6],"12":[1,5],"13":[6,5,5],"14":[1,4],"15":[5,5],"16":[1,3],"17":[4,4,4,4],"18":[1,2]},"_coverageSchema":"1a1c01bbd47fc00a2c39e90264f33305004495a9","hash":"5af59ceb40fe2a648c5592d34304ede1fd1ae44f"}
}
