TN:
SF:src\server.js
FN:16,(anonymous_0)
FN:20,(anonymous_1)
FNF:2
FNH:1
FNDA:1,(anonymous_0)
FNDA:0,(anonymous_1)
DA:1,1
DA:2,1
DA:3,1
DA:4,1
DA:6,1
DA:8,1
DA:13,1
DA:14,1
DA:16,1
DA:17,1
DA:20,1
DA:21,0
DA:22,0
DA:28,1
LF:14
LH:12
BRF:0
BRH:0
end_of_record
TN:
SF:src\controllers\SimulationController.js
FN:4,(anonymous_0)
FNF:1
FNH:1
FNDA:2,(anonymous_0)
DA:1,1
DA:5,2
DA:6,2
DA:7,2
DA:8,1
DA:10,1
DA:15,1
LF:7
LH:7
BRF:0
BRH:0
end_of_record
TN:
SF:src\models\Robot.js
FN:2,(anonymous_0)
FN:24,(anonymous_1)
FN:33,(anonymous_2)
FN:61,(anonymous_3)
FN:78,(anonymous_4)
FN:96,(anonymous_5)
FN:113,(anonymous_6)
FN:134,(anonymous_7)
FN:155,(anonymous_8)
FN:166,(anonymous_9)
FN:172,(anonymous_10)
FN:188,(anonymous_11)
FN:215,(anonymous_12)
FN:223,(anonymous_13)
FN:231,(anonymous_14)
FN:232,(anonymous_15)
FN:238,(anonymous_16)
FNF:17
FNH:17
FNDA:20,(anonymous_0)
FNDA:6,(anonymous_1)
FNDA:47,(anonymous_2)
FNDA:47,(anonymous_3)
FNDA:17,(anonymous_4)
FNDA:4,(anonymous_5)
FNDA:4,(anonymous_6)
FNDA:9,(anonymous_7)
FNDA:6,(anonymous_8)
FNDA:5,(anonymous_9)
FNDA:1,(anonymous_10)
FNDA:21,(anonymous_11)
FNDA:21,(anonymous_12)
FNDA:6,(anonymous_13)
FNDA:20,(anonymous_14)
FNDA:25,(anonymous_15)
FNDA:6,(anonymous_16)
DA:3,20
DA:4,20
DA:5,20
DA:10,20
DA:11,20
DA:12,20
DA:21,20
DA:25,6
DA:26,19
DA:27,19
DA:30,6
DA:34,47
DA:36,47
DA:37,2
DA:38,2
DA:40,0
DA:43,45
DA:45,17
DA:47,4
DA:49,4
DA:51,9
DA:53,6
DA:55,5
DA:57,0
DA:62,47
DA:65,21
DA:68,13
DA:70,8
DA:72,5
DA:74,0
DA:79,17
DA:81,17
DA:82,1
DA:85,16
DA:86,16
DA:87,16
DA:88,16
DA:91,16
DA:93,16
DA:97,4
DA:99,4
DA:100,0
DA:103,4
DA:104,4
DA:105,4
DA:106,4
DA:108,4
DA:110,4
DA:114,4
DA:116,4
DA:118,1
DA:119,1
DA:121,1
DA:122,1
DA:124,1
DA:125,1
DA:127,1
DA:128,1
DA:131,4
DA:135,9
DA:137,9
DA:139,1
DA:140,1
DA:142,6
DA:143,6
DA:145,1
DA:146,1
DA:148,1
DA:149,1
DA:152,9
DA:156,6
DA:158,6
DA:159,6
DA:160,6
DA:163,6
DA:167,5
DA:168,5
DA:169,5
DA:173,1
DA:174,0
DA:177,1
DA:178,1
DA:180,1
DA:181,3
DA:182,3
DA:185,1
DA:189,21
DA:194,21
DA:195,21
DA:197,21
DA:199,2
DA:200,2
DA:202,7
DA:203,7
DA:205,10
DA:206,10
DA:208,2
DA:209,2
DA:212,21
DA:216,21
DA:217,0
DA:220,21
DA:224,6
DA:225,0
DA:228,6
DA:232,25
DA:233,20
DA:234,20
DA:239,6
DA:254,3
LF:110
LH:103
BRDA:27,0,0,0
BRDA:27,0,1,19
BRDA:36,1,0,2
BRDA:36,1,1,45
BRDA:37,2,0,2
BRDA:37,2,1,0
BRDA:43,3,0,17
BRDA:43,3,1,4
BRDA:43,3,2,4
BRDA:43,3,3,9
BRDA:43,3,4,6
BRDA:43,3,5,5
BRDA:43,3,6,0
BRDA:62,4,0,17
BRDA:62,4,1,21
BRDA:62,4,2,4
BRDA:62,4,3,13
BRDA:62,4,4,8
BRDA:62,4,5,5
BRDA:62,4,6,0
BRDA:81,5,0,1
BRDA:81,5,1,16
BRDA:99,6,0,0
BRDA:99,6,1,4
BRDA:116,7,0,1
BRDA:116,7,1,1
BRDA:116,7,2,1
BRDA:116,7,3,1
BRDA:137,8,0,1
BRDA:137,8,1,6
BRDA:137,8,2,1
BRDA:137,8,3,1
BRDA:159,9,0,6
BRDA:159,9,1,0
BRDA:159,10,0,6
BRDA:159,10,1,6
BRDA:173,11,0,0
BRDA:173,11,1,1
BRDA:182,12,0,0
BRDA:182,12,1,3
BRDA:195,13,0,17
BRDA:195,13,1,4
BRDA:197,14,0,2
BRDA:197,14,1,7
BRDA:197,14,2,10
BRDA:197,14,3,2
BRDA:216,15,0,0
BRDA:216,15,1,21
BRDA:216,16,0,21
BRDA:216,16,1,21
BRDA:216,16,2,21
BRDA:216,16,3,21
BRDA:224,17,0,0
BRDA:224,17,1,6
BRDA:224,18,0,6
BRDA:224,18,1,6
BRDA:224,18,2,6
BRDA:224,18,3,6
BRDA:232,19,0,25
BRDA:232,19,1,9
BRDA:233,20,0,20
BRDA:233,20,1,0
BRF:62
BRH:51
end_of_record
TN:
SF:src\routes\simulationRoutes.js
FNF:0
FNH:0
DA:1,1
DA:2,1
DA:4,1
DA:6,1
DA:8,1
LF:5
LH:5
BRF:0
BRH:0
end_of_record
TN:
SF:src\services\SimulationService.js
FN:8,(anonymous_0)
FN:26,(anonymous_1)
FN:38,(anonymous_2)
FN:51,(anonymous_3)
FNF:4
FNH:4
FNDA:3,(anonymous_0)
FNDA:17,(anonymous_1)
FNDA:28,(anonymous_2)
FNDA:15,(anonymous_3)
DA:1,2
DA:9,3
DA:10,3
DA:12,2
DA:14,2
DA:15,2
DA:17,1
DA:27,17
DA:28,1
DA:31,16
DA:33,16
DA:34,2
DA:37,14
DA:38,28
DA:39,1
DA:42,13
DA:43,3
DA:46,10
DA:47,2
DA:50,8
DA:51,15
DA:52,1
DA:55,7
DA:56,1
DA:59,6
DA:62,1
DA:65,5
DA:67,1
DA:70,4
DA:71,4
DA:72,1
DA:75,3
DA:76,1
DA:81,2
LF:34
LH:34
BRDA:27,0,0,1
BRDA:27,0,1,16
BRDA:33,1,0,2
BRDA:33,1,1,14
BRDA:33,2,0,16
BRDA:33,2,1,15
BRDA:33,2,2,15
BRDA:38,3,0,1
BRDA:38,3,1,13
BRDA:38,4,0,14
BRDA:38,4,1,14
BRDA:38,5,0,28
BRDA:38,5,1,28
BRDA:42,6,0,3
BRDA:42,6,1,10
BRDA:42,7,0,13
BRDA:42,7,1,12
BRDA:46,8,0,2
BRDA:46,8,1,8
BRDA:46,9,0,10
BRDA:46,9,1,9
BRDA:46,9,2,9
BRDA:51,10,0,1
BRDA:51,10,1,7
BRDA:55,11,0,1
BRDA:55,11,1,6
BRDA:59,12,0,1
BRDA:59,12,1,5
BRDA:59,13,0,6
BRDA:59,13,1,5
BRDA:59,13,2,5
BRDA:65,14,0,1
BRDA:65,14,1,4
BRDA:65,15,0,5
BRDA:65,15,1,5
BRDA:71,16,0,1
BRDA:71,16,1,3
BRDA:71,17,0,4
BRDA:71,17,1,4
BRDA:71,17,2,4
BRDA:71,17,3,4
BRDA:75,18,0,1
BRDA:75,18,1,2
BRF:43
BRH:43
end_of_record
