TN:
SF:src/server.js
FN:21,(anonymous_0)
FN:26,(anonymous_1)
FNF:2
FNH:1
FNDA:1,(anonymous_0)
FNDA:0,(anonymous_1)
DA:1,1
DA:2,1
DA:3,1
DA:4,1
DA:7,1
DA:10,1
DA:15,1
DA:18,1
DA:21,1
DA:22,1
DA:26,1
DA:27,0
DA:28,0
DA:34,1
LF:14
LH:12
BRF:0
BRH:0
end_of_record
TN:
SF:src/controllers/SimulationController.js
FN:12,(anonymous_0)
FNF:1
FNH:1
FNDA:2,(anonymous_0)
DA:1,1
DA:13,2
DA:14,2
DA:15,2
DA:16,1
DA:18,1
DA:23,1
LF:7
LH:7
BRF:0
BRH:0
end_of_record
TN:
SF:src/models/Robot.js
FN:11,(anonymous_0)
FN:38,(anonymous_1)
FN:52,(anonymous_2)
FN:88,(anonymous_3)
FN:109,(anonymous_4)
FN:131,(anonymous_5)
FN:153,(anonymous_6)
FN:178,(anonymous_7)
FN:203,(anonymous_8)
FN:218,(anonymous_9)
FN:228,(anonymous_10)
FN:251,(anonymous_11)
FN:284,(anonymous_12)
FN:300,(anonymous_13)
FN:313,(anonymous_14)
FN:314,(anonymous_15)
FN:324,(anonymous_16)
FNF:17
FNH:17
FNDA:20,(anonymous_0)
FNDA:6,(anonymous_1)
FNDA:47,(anonymous_2)
FNDA:47,(anonymous_3)
FNDA:17,(anonymous_4)
FNDA:4,(anonymous_5)
FNDA:4,(anonymous_6)
FNDA:9,(anonymous_7)
FNDA:6,(anonymous_8)
FNDA:5,(anonymous_9)
FNDA:1,(anonymous_10)
FNDA:21,(anonymous_11)
FNDA:21,(anonymous_12)
FNDA:6,(anonymous_13)
FNDA:20,(anonymous_14)
FNDA:25,(anonymous_15)
FNDA:6,(anonymous_16)
DA:12,20
DA:13,20
DA:14,20
DA:19,20
DA:20,20
DA:21,20
DA:30,20
DA:39,6
DA:40,19
DA:41,19
DA:44,6
DA:53,47
DA:56,47
DA:58,2
DA:59,2
DA:61,0
DA:65,45
DA:67,17
DA:69,4
DA:71,4
DA:73,9
DA:75,6
DA:77,5
DA:79,0
DA:89,47
DA:92,21
DA:95,13
DA:97,8
DA:99,5
DA:101,0
DA:110,17
DA:112,17
DA:113,1
DA:116,16
DA:117,16
DA:118,16
DA:119,16
DA:122,16
DA:124,16
DA:132,4
DA:134,4
DA:135,0
DA:138,4
DA:139,4
DA:140,4
DA:141,4
DA:144,4
DA:146,4
DA:154,4
DA:156,4
DA:158,1
DA:159,1
DA:161,1
DA:162,1
DA:164,1
DA:165,1
DA:167,1
DA:168,1
DA:171,4
DA:179,9
DA:181,9
DA:183,1
DA:184,1
DA:186,6
DA:187,6
DA:189,1
DA:190,1
DA:192,1
DA:193,1
DA:196,9
DA:204,6
DA:206,6
DA:207,6
DA:208,6
DA:211,6
DA:219,5
DA:220,5
DA:221,5
DA:229,1
DA:231,0
DA:234,1
DA:235,1
DA:238,1
DA:239,3
DA:240,3
DA:243,1
DA:252,21
DA:257,21
DA:258,21
DA:260,21
DA:262,2
DA:263,2
DA:265,7
DA:266,7
DA:268,10
DA:269,10
DA:271,2
DA:272,2
DA:275,21
DA:286,21
DA:287,0
DA:291,21
DA:301,6
DA:302,0
DA:305,6
DA:314,25
DA:315,20
DA:316,20
DA:325,6
DA:340,3
LF:110
LH:103
BRDA:41,0,0,0
BRDA:41,0,1,19
BRDA:56,1,0,2
BRDA:56,1,1,45
BRDA:58,2,0,2
BRDA:58,2,1,0
BRDA:65,3,0,17
BRDA:65,3,1,4
BRDA:65,3,2,4
BRDA:65,3,3,9
BRDA:65,3,4,6
BRDA:65,3,5,5
BRDA:65,3,6,0
BRDA:89,4,0,17
BRDA:89,4,1,21
BRDA:89,4,2,4
BRDA:89,4,3,13
BRDA:89,4,4,8
BRDA:89,4,5,5
BRDA:89,4,6,0
BRDA:112,5,0,1
BRDA:112,5,1,16
BRDA:134,6,0,0
BRDA:134,6,1,4
BRDA:156,7,0,1
BRDA:156,7,1,1
BRDA:156,7,2,1
BRDA:156,7,3,1
BRDA:181,8,0,1
BRDA:181,8,1,6
BRDA:181,8,2,1
BRDA:181,8,3,1
BRDA:207,9,0,6
BRDA:207,9,1,0
BRDA:207,10,0,6
BRDA:207,10,1,6
BRDA:229,11,0,0
BRDA:229,11,1,1
BRDA:240,12,0,0
BRDA:240,12,1,3
BRDA:258,13,0,17
BRDA:258,13,1,4
BRDA:260,14,0,2
BRDA:260,14,1,7
BRDA:260,14,2,10
BRDA:260,14,3,2
BRDA:286,15,0,0
BRDA:286,15,1,21
BRDA:286,16,0,21
BRDA:286,16,1,21
BRDA:286,16,2,21
BRDA:286,16,3,21
BRDA:301,17,0,0
BRDA:301,17,1,6
BRDA:301,18,0,6
BRDA:301,18,1,6
BRDA:301,18,2,6
BRDA:301,18,3,6
BRDA:314,19,0,25
BRDA:314,19,1,9
BRDA:315,20,0,20
BRDA:315,20,1,0
BRF:62
BRH:51
end_of_record
TN:
SF:src/routes/simulationRoutes.js
FNF:0
FNH:0
DA:1,1
DA:2,1
DA:4,1
DA:10,1
DA:12,1
LF:5
LH:5
BRF:0
BRH:0
end_of_record
TN:
SF:src/services/SimulationService.js
FN:12,(anonymous_0)
FN:30,(anonymous_1)
FN:44,(anonymous_2)
FN:59,(anonymous_3)
FNF:4
FNH:4
FNDA:3,(anonymous_0)
FNDA:17,(anonymous_1)
FNDA:28,(anonymous_2)
FNDA:15,(anonymous_3)
DA:1,2
DA:13,3
DA:14,3
DA:16,2
DA:18,2
DA:19,2
DA:21,1
DA:31,17
DA:32,1
DA:35,16
DA:38,16
DA:39,2
DA:43,14
DA:44,28
DA:45,1
DA:49,13
DA:50,3
DA:54,10
DA:55,2
DA:58,8
DA:59,15
DA:60,1
DA:64,7
DA:65,1
DA:68,6
DA:71,1
DA:74,5
DA:76,1
DA:80,4
DA:81,4
DA:82,1
DA:85,3
DA:86,1
DA:91,2
LF:34
LH:34
BRDA:31,0,0,1
BRDA:31,0,1,16
BRDA:38,1,0,2
BRDA:38,1,1,14
BRDA:38,2,0,16
BRDA:38,2,1,15
BRDA:38,2,2,15
BRDA:44,3,0,1
BRDA:44,3,1,13
BRDA:44,4,0,14
BRDA:44,4,1,14
BRDA:44,5,0,28
BRDA:44,5,1,28
BRDA:49,6,0,3
BRDA:49,6,1,10
BRDA:49,7,0,13
BRDA:49,7,1,12
BRDA:54,8,0,2
BRDA:54,8,1,8
BRDA:54,9,0,10
BRDA:54,9,1,9
BRDA:54,9,2,9
BRDA:59,10,0,1
BRDA:59,10,1,7
BRDA:64,11,0,1
BRDA:64,11,1,6
BRDA:68,12,0,1
BRDA:68,12,1,5
BRDA:68,13,0,6
BRDA:68,13,1,5
BRDA:68,13,2,5
BRDA:74,14,0,1
BRDA:74,14,1,4
BRDA:74,15,0,5
BRDA:74,15,1,5
BRDA:81,16,0,1
BRDA:81,16,1,3
BRDA:81,17,0,4
BRDA:81,17,1,4
BRDA:81,17,2,4
BRDA:81,17,3,4
BRDA:85,18,0,1
BRDA:85,18,1,2
BRF:43
BRH:43
end_of_record
